<?xml version="1.0" encoding="UTF-8"?>
<testsuite name="ru.netology.RegistrationTest" tests="10" skipped="0" failures="0" errors="0" timestamp="2022-06-23T05:19:32" hostname="MacBook-Air-.local" time="64.307">
  <properties/>
  <testcase name="sendFormWrongPhone()" classname="ru.netology.RegistrationTest" time="13.724"/>
  <testcase name="shouldSendFormWithoutPhone()" classname="ru.netology.RegistrationTest" time="2.11"/>
  <testcase name="shouldSendForm()" classname="ru.netology.RegistrationTest" time="12.767"/>
  <testcase name="shouldSendFormWithoutCity()" classname="ru.netology.RegistrationTest" time="6.959"/>
  <testcase name="shouldSendFormWithoutDate()" classname="ru.netology.RegistrationTest" time="6.292"/>
  <testcase name="shouldSendFormWithoutName()" classname="ru.netology.RegistrationTest" time="4.593"/>
  <testcase name="sendFormCheckBoxOff()" classname="ru.netology.RegistrationTest" time="5.541"/>
  <testcase name="sendFormWrongDate()" classname="ru.netology.RegistrationTest" time="3.656"/>
  <testcase name="sendFormWrongName()" classname="ru.netology.RegistrationTest" time="4.686"/>
  <testcase name="sendFormCityNotInList()" classname="ru.netology.RegistrationTest" time="3.854"/>
  <system-out><![CDATA[]]></system-out>
  <system-err><![CDATA[SLF4J: Failed to load class "org.slf4j.impl.StaticLoggerBinder".
SLF4J: Defaulting to no-operation (NOP) logger implementation
SLF4J: See http://www.slf4j.org/codes.html#StaticLoggerBinder for further details.
Starting ChromeDriver 102.0.5005.61 (0e59bcc00cc4985ce39ad31c150065f159d95ad3-refs/branch-heads/5005@{#819}) on port 28940
Only local connections are allowed.
Please see https://chromedriver.chromium.org/security-considerations for suggestions on keeping ChromeDriver safe.
ChromeDriver was started successfully.
июн. 23, 2022 8:19:42 AM org.openqa.selenium.remote.ProtocolHandshake createSession
INFO: Detected dialect: W3C
]]></system-err>
</testsuite>
