<?xml version="1.0" encoding="UTF-8"?>
<testsuite name="ru.netology.RegistrationTest" tests="1" skipped="0" failures="0" errors="0" timestamp="2022-06-22T15:28:33" hostname="MacBook-Air-.local" time="21.656">
  <properties/>
  <testcase name="shouldSendForm()" classname="ru.netology.RegistrationTest" time="21.656"/>
  <system-out><![CDATA[]]></system-out>
  <system-err><![CDATA[SLF4J: Failed to load class "org.slf4j.impl.StaticLoggerBinder".
SLF4J: Defaulting to no-operation (NOP) logger implementation
SLF4J: See http://www.slf4j.org/codes.html#StaticLoggerBinder for further details.
Starting ChromeDriver 102.0.5005.61 (0e59bcc00cc4985ce39ad31c150065f159d95ad3-refs/branch-heads/5005@{#819}) on port 32864
Only local connections are allowed.
Please see https://chromedriver.chromium.org/security-considerations for suggestions on keeping ChromeDriver safe.
ChromeDriver was started successfully.
июн. 22, 2022 6:28:40 PM org.openqa.selenium.remote.ProtocolHandshake createSession
INFO: Detected dialect: W3C
]]></system-err>
</testsuite>
